*** Using Compiler 'V5.06 update 3 (build 300)', folder: 'D:\Keil_v5\ARM\ARMCC\Bin'
Build target 'SPI'
assembling startup_stm32f103xe.s...
compiling delay.c...
compiling stm32f1xx_hal.c...
compiling stm32f1xx_hal_dma.c...
compiling usart.c...
compiling system_stm32f1xx.c...
compiling sys.c...
compiling stm32f1xx_hal_cortex.c...
compiling stm32f1xx_it.c...
compiling main.c...
compiling stm32f1xx_hal_pwr.c...
compiling stm32f1xx_hal_gpio.c...
compiling stm32f1xx_hal_gpio_ex.c...
compiling stm32f1xx_hal_rcc.c...
compiling stm32f1xx_hal_rcc_ex.c...
compiling stm32f1xx_ll_fsmc.c...
compiling stm32f1xx_hal_sram.c...
compiling stm32f1xx_hal_usart.c...
compiling stm32f1xx_hal_uart.c...
compiling led.c...
compiling stm32f1xx_hal_tim_ex.c...
compiling spi.c...
compiling key.c...
compiling stm32f1xx_hal_spi.c...
compiling norflash.c...
compiling usmart.c...
compiling stm32f1xx_hal_tim.c...
compiling lcd.c...
compiling usmart_config.c...
compiling usmart_port.c...
compiling usmart_str.c...
linking...
Program Size: Code=30428 RO-data=12884 RW-data=368 ZI-data=2144  
FromELF: creating hex file...
"..\..\Output\atk_f103.axf" - 0 Error(s), 0 Warning(s).
Build Time Elapsed:  00:00:11
